<?xml version="1.0" encoding="UTF-8"?>
<testsuite xmlns:xsi="http://www.w3.org/2001/XMLSchema-instance" xsi:noNamespaceSchemaLocation="https://maven.apache.org/surefire/maven-surefire-plugin/xsd/surefire-test-report.xsd" version="3.0.2" name="ar.utn.donatrack.donaciones.services.DonanteCsvRowParserTest" time="0.011" tests="2" errors="0" skipped="0" failures="0">
  <properties>
[...]
</properties>
  <testcase name="filaSinEmail_lanzaExcepcion" classname="ar.utn.donatrack.donaciones.services.DonanteCsvRowParserTest" time="0.004"/>
  <testcase name="filaValida_retornaDtoCorrectamente" classname="ar.utn.donatrack.donaciones.services.DonanteCsvRowParserTest" time="0.003"/>
</testsuite>