<?xml version="1.0" encoding="UTF-8"?>
<testsuite xmlns:xsi="http://www.w3.org/2001/XMLSchema-instance" xsi:noNamespaceSchemaLocation="https://maven.apache.org/surefire/maven-surefire-plugin/xsd/surefire-test-report.xsd" version="3.0.2" name="ar.utn.donatrack.donaciones.services.SegmentadorDonacionesServiceTest" time="0.05" tests="5" errors="0" skipped="0" failures="0">
  <properties>
[...]
</properties>
  <testcase name="subcategoriasDistintas_generaDonacionesSeparadas" classname="ar.utn.donatrack.donaciones.services.SegmentadorDonacionesServiceTest" time="0.039"/>
  <testcase name="dosPereciblesFechasDistintas_retornaDosDoaciones" classname="ar.utn.donatrack.donaciones.services.SegmentadorDonacionesServiceTest" time="0.0"/>
  <testcase name="listaVacia_retornaListaVacia" classname="ar.utn.donatrack.donaciones.services.SegmentadorDonacionesServiceTest" time="0.001"/>
  <testcase name="bienesConEstado_retornaUnaDonacionPorEstado" classname="ar.utn.donatrack.donaciones.services.SegmentadorDonacionesServiceTest" time="0.004"/>
  <testcase name="dosPereciblesMismaFecha_retornaUnaDonacion" classname="ar.utn.donatrack.donaciones.services.SegmentadorDonacionesServiceTest" time="0.002"/>
</testsuite>